<?xml version="1.0" encoding="UTF-8"?>
<testsuite name="br.com.estudo.reactiveapp.ReactiveAppApplicationTests" tests="5" skipped="0" failures="0" errors="0" timestamp="2020-02-25T01:04:34" hostname="projeto-Predator-G3-572" time="0.964">
  <properties/>
  <testcase name="deleteByIdTest()" classname="br.com.estudo.reactiveapp.ReactiveAppApplicationTests" time="0.514"/>
  <testcase name="updateTest()" classname="br.com.estudo.reactiveapp.ReactiveAppApplicationTests" time="0.225"/>
  <testcase name="listarTest()" classname="br.com.estudo.reactiveapp.ReactiveAppApplicationTests" time="0.062"/>
  <testcase name="findByIdTest()" classname="br.com.estudo.reactiveapp.ReactiveAppApplicationTests" time="0.037"/>
  <testcase name="createTest()" classname="br.com.estudo.reactiveapp.ReactiveAppApplicationTests" time="0.116"/>
  <system-out><![CDATA[22:04:28.788 [Test worker] DEBUG org.springframework.test.context.BootstrapUtils - Instantiating CacheAwareContextLoaderDelegate from class [org.springframework.test.context.cache.DefaultCacheAwareContextLoaderDelegate]
22:04:28.811 [Test worker] DEBUG org.springframework.test.context.BootstrapUtils - Instantiating BootstrapContext using constructor [public org.springframework.test.context.support.DefaultBootstrapContext(java.lang.Class,org.springframework.test.context.CacheAwareContextLoaderDelegate)]
22:04:28.842 [Test worker] DEBUG org.springframework.test.context.BootstrapUtils - Instantiating TestContextBootstrapper for test class [br.com.estudo.reactiveapp.ReactiveAppApplicationTests] from class [org.springframework.boot.test.context.SpringBootTestContextBootstrapper]
22:04:28.858 [Test worker] INFO org.springframework.boot.test.context.SpringBootTestContextBootstrapper - Neither @ContextConfiguration nor @ContextHierarchy found for test class [br.com.estudo.reactiveapp.ReactiveAppApplicationTests], using SpringBootContextLoader
22:04:28.863 [Test worker] DEBUG org.springframework.test.context.support.AbstractContextLoader - Did not detect default resource location for test class [br.com.estudo.reactiveapp.ReactiveAppApplicationTests]: class path resource [br/com/estudo/reactiveapp/ReactiveAppApplicationTests-context.xml] does not exist
22:04:28.864 [Test worker] DEBUG org.springframework.test.context.support.AbstractContextLoader - Did not detect default resource location for test class [br.com.estudo.reactiveapp.ReactiveAppApplicationTests]: class path resource [br/com/estudo/reactiveapp/ReactiveAppApplicationTestsContext.groovy] does not exist
22:04:28.866 [Test worker] INFO org.springframework.test.context.support.AbstractContextLoader - Could not detect default resource locations for test class [br.com.estudo.reactiveapp.ReactiveAppApplicationTests]: no resource found for suffixes {-context.xml, Context.groovy}.
22:04:28.867 [Test worker] INFO org.springframework.test.context.support.AnnotationConfigContextLoaderUtils - Could not detect default configuration classes for test class [br.com.estudo.reactiveapp.ReactiveAppApplicationTests]: ReactiveAppApplicationTests does not declare any static, non-private, non-final, nested classes annotated with @Configuration.
22:04:28.922 [Test worker] DEBUG org.springframework.test.context.support.ActiveProfilesUtils - Could not find an 'annotation declaring class' for annotation type [org.springframework.test.context.ActiveProfiles] and class [br.com.estudo.reactiveapp.ReactiveAppApplicationTests]
22:04:28.989 [Test worker] DEBUG org.springframework.context.annotation.ClassPathScanningCandidateComponentProvider - Identified candidate component class: file [/home/projeto/Documentos/repositorios/estudo/reactive-app/build/classes/java/main/br/com/estudo/reactiveapp/ReactiveAppApplication.class]
22:04:28.990 [Test worker] INFO org.springframework.boot.test.context.SpringBootTestContextBootstrapper - Found @SpringBootConfiguration br.com.estudo.reactiveapp.ReactiveAppApplication for test class br.com.estudo.reactiveapp.ReactiveAppApplicationTests
22:04:29.081 [Test worker] DEBUG org.springframework.boot.test.context.SpringBootTestContextBootstrapper - @TestExecutionListeners is not present for class [br.com.estudo.reactiveapp.ReactiveAppApplicationTests]: using defaults.
22:04:29.082 [Test worker] INFO org.springframework.boot.test.context.SpringBootTestContextBootstrapper - Loaded default TestExecutionListener class names from location [META-INF/spring.factories]: [org.springframework.boot.test.autoconfigure.restdocs.RestDocsTestExecutionListener, org.springframework.boot.test.autoconfigure.web.client.MockRestServiceServerResetTestExecutionListener, org.springframework.boot.test.autoconfigure.web.servlet.MockMvcPrintOnlyOnFailureTestExecutionListener, org.springframework.boot.test.autoconfigure.web.servlet.WebDriverTestExecutionListener, org.springframework.boot.test.mock.mockito.MockitoTestExecutionListener, org.springframework.boot.test.mock.mockito.ResetMocksTestExecutionListener, org.springframework.test.context.web.ServletTestExecutionListener, org.springframework.test.context.support.DirtiesContextBeforeModesTestExecutionListener, org.springframework.test.context.support.DependencyInjectionTestExecutionListener, org.springframework.test.context.support.DirtiesContextTestExecutionListener, org.springframework.test.context.transaction.TransactionalTestExecutionListener, org.springframework.test.context.jdbc.SqlScriptsTestExecutionListener, org.springframework.test.context.event.EventPublishingTestExecutionListener]
22:04:29.092 [Test worker] DEBUG org.springframework.boot.test.context.SpringBootTestContextBootstrapper - Skipping candidate TestExecutionListener [org.springframework.test.context.web.ServletTestExecutionListener] due to a missing dependency. Specify custom listener classes or make the default listener classes and their required dependencies available. Offending class: [javax/servlet/ServletContext]
22:04:29.101 [Test worker] INFO org.springframework.boot.test.context.SpringBootTestContextBootstrapper - Using TestExecutionListeners: [org.springframework.test.context.support.DirtiesContextBeforeModesTestExecutionListener@455b4db6, org.springframework.boot.test.mock.mockito.MockitoTestExecutionListener@71dfaa8c, org.springframework.boot.test.autoconfigure.SpringBootDependencyInjectionTestExecutionListener@50cdfeba, org.springframework.test.context.support.DirtiesContextTestExecutionListener@5fca9c84, org.springframework.test.context.transaction.TransactionalTestExecutionListener@40e35c36, org.springframework.test.context.jdbc.SqlScriptsTestExecutionListener@4c64156c, org.springframework.test.context.event.EventPublishingTestExecutionListener@73630a74, org.springframework.boot.test.autoconfigure.restdocs.RestDocsTestExecutionListener@78469620, org.springframework.boot.test.autoconfigure.web.client.MockRestServiceServerResetTestExecutionListener@221e77f2, org.springframework.boot.test.autoconfigure.web.servlet.MockMvcPrintOnlyOnFailureTestExecutionListener@4ebdc9a8, org.springframework.boot.test.autoconfigure.web.servlet.WebDriverTestExecutionListener@25e65aa1, org.springframework.boot.test.mock.mockito.ResetMocksTestExecutionListener@695d3fab]
22:04:29.105 [Test worker] DEBUG org.springframework.test.context.support.AbstractDirtiesContextTestExecutionListener - Before test class: context [DefaultTestContext@769f4c2 testClass = ReactiveAppApplicationTests, testInstance = [null], testMethod = [null], testException = [null], mergedContextConfiguration = [ReactiveWebMergedContextConfiguration@2cf5f5bd testClass = ReactiveAppApplicationTests, locations = '{}', classes = '{class br.com.estudo.reactiveapp.ReactiveAppApplication}', contextInitializerClasses = '[]', activeProfiles = '{}', propertySourceLocations = '{}', propertySourceProperties = '{org.springframework.boot.test.context.SpringBootTestContextBootstrapper=true}', contextCustomizers = set[org.springframework.boot.test.autoconfigure.properties.PropertyMappingContextCustomizer@ec54a5c9, org.springframework.boot.test.autoconfigure.web.servlet.WebDriverContextCustomizerFactory$Customizer@701ae163, [ImportsContextCustomizer@76532b53 key = [org.springframework.boot.autoconfigure.security.reactive.ReactiveSecurityAutoConfiguration, org.springframework.boot.autoconfigure.security.reactive.ReactiveUserDetailsServiceAutoConfiguration, org.springframework.boot.test.autoconfigure.web.reactive.WebTestClientAutoConfiguration]], org.springframework.boot.test.context.filter.ExcludeFilterContextCustomizer@c8185d0, org.springframework.boot.test.json.DuplicateJsonObjectContextCustomizerFactory$DuplicateJsonObjectContextCustomizer@136693a5, org.springframework.boot.test.mock.mockito.MockitoContextCustomizer@0, org.springframework.boot.test.web.client.TestRestTemplateContextCustomizer@262aecbe, org.springframework.boot.test.web.reactive.server.WebTestClientContextCustomizer@665734d5], contextLoader = 'org.springframework.boot.test.context.SpringBootContextLoader', parent = [null]], attributes = map[[empty]]], class annotated with @DirtiesContext [false] with mode [null].
22:04:29.119 [Test worker] DEBUG org.springframework.test.context.support.DependencyInjectionTestExecutionListener - Performing dependency injection for test context [[DefaultTestContext@769f4c2 testClass = ReactiveAppApplicationTests, testInstance = br.com.estudo.reactiveapp.ReactiveAppApplicationTests@22fc86f, testMethod = [null], testException = [null], mergedContextConfiguration = [ReactiveWebMergedContextConfiguration@2cf5f5bd testClass = ReactiveAppApplicationTests, locations = '{}', classes = '{class br.com.estudo.reactiveapp.ReactiveAppApplication}', contextInitializerClasses = '[]', activeProfiles = '{}', propertySourceLocations = '{}', propertySourceProperties = '{org.springframework.boot.test.context.SpringBootTestContextBootstrapper=true}', contextCustomizers = set[org.springframework.boot.test.autoconfigure.properties.PropertyMappingContextCustomizer@ec54a5c9, org.springframework.boot.test.autoconfigure.web.servlet.WebDriverContextCustomizerFactory$Customizer@701ae163, [ImportsContextCustomizer@76532b53 key = [org.springframework.boot.autoconfigure.security.reactive.ReactiveSecurityAutoConfiguration, org.springframework.boot.autoconfigure.security.reactive.ReactiveUserDetailsServiceAutoConfiguration, org.springframework.boot.test.autoconfigure.web.reactive.WebTestClientAutoConfiguration]], org.springframework.boot.test.context.filter.ExcludeFilterContextCustomizer@c8185d0, org.springframework.boot.test.json.DuplicateJsonObjectContextCustomizerFactory$DuplicateJsonObjectContextCustomizer@136693a5, org.springframework.boot.test.mock.mockito.MockitoContextCustomizer@0, org.springframework.boot.test.web.client.TestRestTemplateContextCustomizer@262aecbe, org.springframework.boot.test.web.reactive.server.WebTestClientContextCustomizer@665734d5], contextLoader = 'org.springframework.boot.test.context.SpringBootContextLoader', parent = [null]], attributes = map[[empty]]]].
22:04:29.144 [Test worker] DEBUG org.springframework.test.context.support.TestPropertySourceUtils - Adding inlined properties to environment: {spring.jmx.enabled=false, org.springframework.boot.test.context.SpringBootTestContextBootstrapper=true, server.port=-1}

  .   ____          _            __ _ _
 /\\ / ___'_ __ _ _(_)_ __  __ _ \ \ \ \
( ( )\___ | '_ | '_| | '_ \/ _` | \ \ \ \
 \\/  ___)| |_)| | | | | || (_| |  ) ) ) )
  '  |____| .__|_| |_|_| |_\__, | / / / /
 =========|_|==============|___/=/_/_/_/
 :: Spring Boot ::        (v2.2.1.RELEASE)

2020-02-24 22:04:29.569  INFO 1344 --- [    Test worker] b.c.e.r.ReactiveAppApplicationTests      : Starting ReactiveAppApplicationTests on projeto-Predator-G3-572 with PID 1344 (started by projeto in /home/projeto/Documentos/repositorios/estudo/reactive-app)
2020-02-24 22:04:29.572  INFO 1344 --- [    Test worker] b.c.e.r.ReactiveAppApplicationTests      : No active profile set, falling back to default profiles: default
2020-02-24 22:04:30.730  INFO 1344 --- [    Test worker] .s.d.r.c.RepositoryConfigurationDelegate : Bootstrapping Spring Data repositories in DEFAULT mode.
2020-02-24 22:04:30.942  INFO 1344 --- [    Test worker] .s.d.r.c.RepositoryConfigurationDelegate : Finished Spring Data repository scanning in 204ms. Found 2 repository interfaces.
2020-02-24 22:04:30.951  INFO 1344 --- [    Test worker] .s.d.r.c.RepositoryConfigurationDelegate : Bootstrapping Spring Data repositories in DEFAULT mode.
2020-02-24 22:04:30.961  INFO 1344 --- [    Test worker] .s.d.r.c.RepositoryConfigurationDelegate : Finished Spring Data repository scanning in 9ms. Found 0 repository interfaces.
2020-02-24 22:04:31.610  INFO 1344 --- [    Test worker] org.mongodb.driver.cluster               : Cluster created with settings {hosts=[localhost:27017], mode=SINGLE, requiredClusterType=UNKNOWN, serverSelectionTimeout='30000 ms', maxWaitQueueSize=500}
2020-02-24 22:04:31.834  INFO 1344 --- [localhost:27017] org.mongodb.driver.connection            : Opened connection [connectionId{localValue:1, serverValue:297}] to localhost:27017
2020-02-24 22:04:31.843  INFO 1344 --- [localhost:27017] org.mongodb.driver.cluster               : Monitor thread successfully connected to server with description ServerDescription{address=localhost:27017, type=STANDALONE, state=CONNECTED, ok=true, version=ServerVersion{versionList=[4, 2, 3]}, minWireVersion=0, maxWireVersion=8, maxDocumentSize=16777216, logicalSessionTimeoutMinutes=30, roundTripTimeNanos=5849303}
2020-02-24 22:04:31.851  INFO 1344 --- [    Test worker] org.mongodb.driver.cluster               : Cluster created with settings {hosts=[localhost:27017], mode=SINGLE, requiredClusterType=UNKNOWN, serverSelectionTimeout='30000 ms', maxWaitQueueSize=500}
2020-02-24 22:04:31.867  INFO 1344 --- [localhost:27017] org.mongodb.driver.connection            : Opened connection [connectionId{localValue:2, serverValue:298}] to localhost:27017
2020-02-24 22:04:31.870  INFO 1344 --- [localhost:27017] org.mongodb.driver.cluster               : Monitor thread successfully connected to server with description ServerDescription{address=localhost:27017, type=STANDALONE, state=CONNECTED, ok=true, version=ServerVersion{versionList=[4, 2, 3]}, minWireVersion=0, maxWireVersion=8, maxDocumentSize=16777216, logicalSessionTimeoutMinutes=30, roundTripTimeNanos=1491813}
2020-02-24 22:04:31.955  WARN 1344 --- [    Test worker] o.s.data.convert.CustomConversions       : Registering converter from class java.time.LocalDateTime to class java.time.Instant as reading converter although it doesn't convert from a store-supported type! You might wanna check you annotation setup at the converter implementation.
2020-02-24 22:04:31.955  WARN 1344 --- [    Test worker] o.s.data.convert.CustomConversions       : Registering converter from class java.time.Instant to class java.time.LocalDateTime as reading converter although it doesn't convert from a store-supported type! You might wanna check you annotation setup at the converter implementation.
2020-02-24 22:04:32.070  WARN 1344 --- [    Test worker] o.s.data.convert.CustomConversions       : Registering converter from class java.time.LocalDateTime to class java.time.Instant as reading converter although it doesn't convert from a store-supported type! You might wanna check you annotation setup at the converter implementation.
2020-02-24 22:04:32.070  WARN 1344 --- [    Test worker] o.s.data.convert.CustomConversions       : Registering converter from class java.time.Instant to class java.time.LocalDateTime as reading converter although it doesn't convert from a store-supported type! You might wanna check you annotation setup at the converter implementation.
2020-02-24 22:04:33.740  INFO 1344 --- [    Test worker] o.s.b.a.e.web.EndpointLinksResolver      : Exposing 2 endpoint(s) beneath base path '/actuator'
2020-02-24 22:04:34.112  INFO 1344 --- [    Test worker] o.s.a.r.c.CachingConnectionFactory       : Attempting to connect to: [localhost:5672]
2020-02-24 22:04:34.164  INFO 1344 --- [    Test worker] o.s.a.r.c.CachingConnectionFactory       : Created new connection: rabbitConnectionFactory#37b7c986:0/SimpleConnection@b2ac0c [delegate=amqp://guest@127.0.0.1:5672/, localPort= 52856]
2020-02-24 22:04:34.235  INFO 1344 --- [    Test worker] b.c.e.r.ReactiveAppApplicationTests      : Started ReactiveAppApplicationTests in 5.081 seconds (JVM running for 6.163)
2020-02-24 22:04:34.301  INFO 1344 --- [ntLoopGroup-2-3] org.mongodb.driver.connection            : Opened connection [connectionId{localValue:4, serverValue:300}] to localhost:27017
2020-02-24 22:04:34.301  INFO 1344 --- [ntLoopGroup-2-2] org.mongodb.driver.connection            : Opened connection [connectionId{localValue:3, serverValue:299}] to localhost:27017
2020-02-24 22:04:34.362  INFO 1344 --- [ntLoopGroup-2-4] org.mongodb.driver.connection            : Opened connection [connectionId{localValue:5, serverValue:301}] to localhost:27017
2020-02-24 22:04:34.377  INFO 1344 --- [ntLoopGroup-2-3] b.c.e.r.ReactiveAppApplication           : Categoria criada: Esport
2020-02-24 22:04:34.378  INFO 1344 --- [ntLoopGroup-2-2] b.c.e.r.ReactiveAppApplication           : Categoria criada: Eletronico
2020-02-24 22:04:34.378  INFO 1344 --- [ntLoopGroup-2-2] b.c.e.r.ReactiveAppApplication           : Categoria criada: Computação
2020-02-24 22:04:34.429  INFO 1344 --- [ntLoopGroup-2-6] org.mongodb.driver.connection            : Opened connection [connectionId{localValue:7, serverValue:303}] to localhost:27017
2020-02-24 22:04:34.430  INFO 1344 --- [ntLoopGroup-2-5] org.mongodb.driver.connection            : Opened connection [connectionId{localValue:6, serverValue:302}] to localhost:27017
2020-02-24 22:04:34.438  INFO 1344 --- [ntLoopGroup-2-2] b.c.e.r.ReactiveAppApplication           : insert: 5e5472a24351ac4cf682c339 jogo
2020-02-24 22:04:34.439  INFO 1344 --- [ntLoopGroup-2-2] b.c.e.r.ReactiveAppApplication           : insert: 5e5472a24351ac4cf682c33a caneca
2020-02-24 22:04:34.439  INFO 1344 --- [ntLoopGroup-2-2] b.c.e.r.ReactiveAppApplication           : insert: 5e5472a24351ac4cf682c33b toalha
2020-02-24 22:04:34.439  INFO 1344 --- [ntLoopGroup-2-2] b.c.e.r.ReactiveAppApplication           : insert: 5e5472a24351ac4cf682c337 tv
2020-02-24 22:04:34.439  INFO 1344 --- [ntLoopGroup-2-2] b.c.e.r.ReactiveAppApplication           : insert: 5e5472a24351ac4cf682c338 moto
tv2
jogo
toalha
caneca
]]></system-out>
  <system-err><![CDATA[]]></system-err>
</testsuite>
